<?xml version="1.0" encoding="UTF-8"?>
<!-- Generated by org.testng.reporters.JUnitXMLReporter -->
<testsuite ignored="0" hostname="DESKTOP-MA3GGML" failures="0" tests="5" name="Default test" time="13.694" errors="0" timestamp="2025-10-26T20:59:31 IST">
  <testcase classname="com.petstore.api.tests.UserCRUDTest" name="testCreateUser_POST" time="5.522"/>
  <testcase classname="com.petstore.api.tests.UserCRUDTest" name="testReadUser_GET" time="1.93"/>
  <testcase classname="com.petstore.api.tests.UserCRUDTest" name="testUpdateUser_PUT" time="1.731"/>
  <testcase classname="com.petstore.api.tests.UserCRUDTest" name="testReadUserAfterUpdate_GET" time="1.805"/>
  <testcase classname="com.petstore.api.tests.UserCRUDTest" name="testDeleteUser_DELETE" time="1.66"/>
</testsuite> <!-- Default test -->
