<?xml version="1.0" encoding="UTF-8"?>
<testng-results ignored="0" total="5" passed="5" failed="0" skipped="0">
  <reporter-output>
  </reporter-output>
  <suite started-at="2025-10-26T20:59:17 IST" name="Default suite" finished-at="2025-10-26T20:59:31 IST" duration-ms="13694">
    <groups>
    </groups>
    <test started-at="2025-10-26T20:59:17 IST" name="Default test" finished-at="2025-10-26T20:59:31 IST" duration-ms="13694">
      <class name="com.petstore.api.tests.UserCRUDTest">
        <test-method is-config="true" signature="setup()[pri:0, instance:com.petstore.api.tests.UserCRUDTest@708f5957]" started-at="2025-10-26T20:59:17 IST" name="setup" finished-at="2025-10-26T20:59:18 IST" duration-ms="940" status="PASS">
          <reporter-output>
          </reporter-output>
        </test-method> <!-- setup -->
        <test-method signature="testCreateUser_POST()[pri:1, instance:com.petstore.api.tests.UserCRUDTest@708f5957]" started-at="2025-10-26T20:59:18 IST" name="testCreateUser_POST" finished-at="2025-10-26T20:59:24 IST" duration-ms="5522" status="PASS">
          <reporter-output>
          </reporter-output>
        </test-method> <!-- testCreateUser_POST -->
        <test-method signature="testReadUser_GET()[pri:2, instance:com.petstore.api.tests.UserCRUDTest@708f5957]" started-at="2025-10-26T20:59:24 IST" name="testReadUser_GET" finished-at="2025-10-26T20:59:26 IST" duration-ms="1930" status="PASS">
          <reporter-output>
          </reporter-output>
        </test-method> <!-- testReadUser_GET -->
        <test-method signature="testUpdateUser_PUT()[pri:3, instance:com.petstore.api.tests.UserCRUDTest@708f5957]" started-at="2025-10-26T20:59:26 IST" name="testUpdateUser_PUT" finished-at="2025-10-26T20:59:27 IST" duration-ms="1731" status="PASS">
          <reporter-output>
          </reporter-output>
        </test-method> <!-- testUpdateUser_PUT -->
        <test-method signature="testReadUserAfterUpdate_GET()[pri:4, instance:com.petstore.api.tests.UserCRUDTest@708f5957]" started-at="2025-10-26T20:59:27 IST" name="testReadUserAfterUpdate_GET" finished-at="2025-10-26T20:59:29 IST" duration-ms="1805" status="PASS">
          <reporter-output>
          </reporter-output>
        </test-method> <!-- testReadUserAfterUpdate_GET -->
        <test-method signature="testDeleteUser_DELETE()[pri:5, instance:com.petstore.api.tests.UserCRUDTest@708f5957]" started-at="2025-10-26T20:59:29 IST" name="testDeleteUser_DELETE" finished-at="2025-10-26T20:59:31 IST" duration-ms="1660" status="PASS">
          <reporter-output>
          </reporter-output>
        </test-method> <!-- testDeleteUser_DELETE -->
      </class> <!-- com.petstore.api.tests.UserCRUDTest -->
    </test> <!-- Default test -->
  </suite> <!-- Default suite -->
</testng-results>
